<?xml version="1.0" encoding="UTF-8"?>
<!-- Generated by org.testng.reporters.JUnitXMLReporter -->
<testsuite ignored="0" hostname="Confluent1" failures="0" tests="3" name="Ecomm Test" time="63.985" errors="0" timestamp="2022-09-13T17:09:48 IST">
  <testcase classname="SeleniumTesting.EcommTest" name="ecommTest" time="28.611"/>
  <testcase classname="SeleniumTesting.EcommTest" name="ecommTest" time="28.386"/>
  <testcase classname="SeleniumTesting.EcommTest" name="orderHistoryCheck" time="0.591"/>
</testsuite> <!-- Ecomm Test -->
