<?xml version="1.0" encoding="UTF-8"?>
<!-- Generated by org.testng.reporters.JUnitXMLReporter -->
<testsuite ignored="0" hostname="Confluent1" failures="0" tests="3" name="Ecomm Test" time="65.236" errors="0" timestamp="2022-09-15T12:48:19 IST">
  <testcase classname="SeleniumTesting.EcommTest" name="ecommTest" time="28.982"/>
  <testcase classname="SeleniumTesting.EcommTest" name="ecommTest" time="30.121"/>
  <testcase classname="SeleniumTesting.EcommTest" name="orderHistoryCheck" time="0.544"/>
</testsuite> <!-- Ecomm Test -->
